2023-05-17 23:05:496 INFO  HomePage :113 - Acceptcookies : [[ChromeDriver: chrome on WINDOWS (1349cb90e1bf409919625cb918edc012)] -> xpath: //button[@id='save']]
2023-05-17 23:05:801 INFO  HomePage :66 - Enter Job Title : [[ChromeDriver: chrome on WINDOWS (1349cb90e1bf409919625cb918edc012)] -> xpath: //input[@id='keywords']]
2023-05-17 23:05:700 INFO  HomePage :71 - Enter Location : [[ChromeDriver: chrome on WINDOWS (1349cb90e1bf409919625cb918edc012)] -> xpath: //input[@id='location']]
2023-05-17 23:05:49 INFO  HomePage :76 - Select Distance : [[ChromeDriver: chrome on WINDOWS (1349cb90e1bf409919625cb918edc012)] -> xpath: //select[@id='distance']]
2023-05-17 23:05:290 INFO  HomePage :81 - Click On More Search Option : [[ChromeDriver: chrome on WINDOWS (1349cb90e1bf409919625cb918edc012)] -> xpath: //button[@id='toggle-hp-search']]
2023-05-17 23:05:744 INFO  HomePage :86 - Enter Min Salary : [[ChromeDriver: chrome on WINDOWS (1349cb90e1bf409919625cb918edc012)] -> xpath: //input[@id='salarymin']]
2023-05-17 23:05:891 INFO  HomePage :91 - Enter Max Salary : [[ChromeDriver: chrome on WINDOWS (1349cb90e1bf409919625cb918edc012)] -> xpath: //input[@id='salarymax']]
2023-05-17 23:05:91 INFO  HomePage :96 - Select Salary Type : [[ChromeDriver: chrome on WINDOWS (1349cb90e1bf409919625cb918edc012)] -> xpath: //select[@id='salarytype']]
2023-05-17 23:05:324 INFO  HomePage :101 - Select Job Type : [[ChromeDriver: chrome on WINDOWS (1349cb90e1bf409919625cb918edc012)] -> xpath: //select[@id='tempperm']]
2023-05-17 23:05:560 INFO  HomePage :106 - click On Find jobs Button : [[ChromeDriver: chrome on WINDOWS (1349cb90e1bf409919625cb918edc012)] -> xpath: //input[@id='hp-search-btn']]
2023-05-17 23:05:849 INFO  ResultPage :27 - Verify Result Text : [[ChromeDriver: chrome on WINDOWS (1349cb90e1bf409919625cb918edc012)] -> xpath: //h1[@class='search-header__title']]
2023-05-17 23:05:640 INFO  HomePage :113 - Acceptcookies : [[ChromeDriver: chrome on WINDOWS (23462e241df01b7eabebf09b99c04035)] -> xpath: //button[@id='save']]
2023-05-17 23:05:804 INFO  HomePage :66 - Enter Job Title : [[ChromeDriver: chrome on WINDOWS (23462e241df01b7eabebf09b99c04035)] -> xpath: //input[@id='keywords']]
2023-05-17 23:05:161 INFO  HomePage :71 - Enter Location : [[ChromeDriver: chrome on WINDOWS (23462e241df01b7eabebf09b99c04035)] -> xpath: //input[@id='location']]
2023-05-17 23:05:207 INFO  HomePage :76 - Select Distance : [[ChromeDriver: chrome on WINDOWS (23462e241df01b7eabebf09b99c04035)] -> xpath: //select[@id='distance']]
2023-05-17 23:05:441 INFO  HomePage :81 - Click On More Search Option : [[ChromeDriver: chrome on WINDOWS (23462e241df01b7eabebf09b99c04035)] -> xpath: //button[@id='toggle-hp-search']]
2023-05-17 23:05:813 INFO  HomePage :86 - Enter Min Salary : [[ChromeDriver: chrome on WINDOWS (23462e241df01b7eabebf09b99c04035)] -> xpath: //input[@id='salarymin']]
2023-05-17 23:05:21 INFO  HomePage :91 - Enter Max Salary : [[ChromeDriver: chrome on WINDOWS (23462e241df01b7eabebf09b99c04035)] -> xpath: //input[@id='salarymax']]
2023-05-17 23:05:183 INFO  HomePage :96 - Select Salary Type : [[ChromeDriver: chrome on WINDOWS (23462e241df01b7eabebf09b99c04035)] -> xpath: //select[@id='salarytype']]
2023-05-17 23:05:340 INFO  HomePage :101 - Select Job Type : [[ChromeDriver: chrome on WINDOWS (23462e241df01b7eabebf09b99c04035)] -> xpath: //select[@id='tempperm']]
2023-05-17 23:05:525 INFO  HomePage :106 - click On Find jobs Button : [[ChromeDriver: chrome on WINDOWS (23462e241df01b7eabebf09b99c04035)] -> xpath: //input[@id='hp-search-btn']]
2023-05-17 23:05:227 INFO  ResultPage :27 - Verify Result Text : [[ChromeDriver: chrome on WINDOWS (23462e241df01b7eabebf09b99c04035)] -> xpath: //h1[@class='search-header__title']]
2023-05-17 23:05:226 INFO  HomePage :113 - Acceptcookies : [[ChromeDriver: chrome on WINDOWS (5896a06d93d5d660d0659f39dbfbee31)] -> xpath: //button[@id='save']]
2023-05-17 23:05:419 INFO  HomePage :66 - Enter Job Title : [[ChromeDriver: chrome on WINDOWS (5896a06d93d5d660d0659f39dbfbee31)] -> xpath: //input[@id='keywords']]
2023-05-17 23:05:349 INFO  HomePage :71 - Enter Location : [[ChromeDriver: chrome on WINDOWS (5896a06d93d5d660d0659f39dbfbee31)] -> xpath: //input[@id='location']]
2023-05-17 23:05:716 INFO  HomePage :76 - Select Distance : [[ChromeDriver: chrome on WINDOWS (5896a06d93d5d660d0659f39dbfbee31)] -> xpath: //select[@id='distance']]
2023-05-17 23:05:934 INFO  HomePage :81 - Click On More Search Option : [[ChromeDriver: chrome on WINDOWS (5896a06d93d5d660d0659f39dbfbee31)] -> xpath: //button[@id='toggle-hp-search']]
2023-05-17 23:05:241 INFO  HomePage :86 - Enter Min Salary : [[ChromeDriver: chrome on WINDOWS (5896a06d93d5d660d0659f39dbfbee31)] -> xpath: //input[@id='salarymin']]
2023-05-17 23:05:358 INFO  HomePage :91 - Enter Max Salary : [[ChromeDriver: chrome on WINDOWS (5896a06d93d5d660d0659f39dbfbee31)] -> xpath: //input[@id='salarymax']]
2023-05-17 23:05:539 INFO  HomePage :96 - Select Salary Type : [[ChromeDriver: chrome on WINDOWS (5896a06d93d5d660d0659f39dbfbee31)] -> xpath: //select[@id='salarytype']]
2023-05-17 23:05:717 INFO  HomePage :101 - Select Job Type : [[ChromeDriver: chrome on WINDOWS (5896a06d93d5d660d0659f39dbfbee31)] -> xpath: //select[@id='tempperm']]
2023-05-17 23:05:924 INFO  HomePage :106 - click On Find jobs Button : [[ChromeDriver: chrome on WINDOWS (5896a06d93d5d660d0659f39dbfbee31)] -> xpath: //input[@id='hp-search-btn']]
2023-05-17 23:05:335 INFO  ResultPage :27 - Verify Result Text : [[ChromeDriver: chrome on WINDOWS (5896a06d93d5d660d0659f39dbfbee31)] -> xpath: //h1[@class='search-header__title']]
2023-05-17 23:05:436 INFO  HomePage :113 - Acceptcookies : [[ChromeDriver: chrome on WINDOWS (63bbfcb8a671a0f8f9b973d369ad3b82)] -> xpath: //button[@id='save']]
2023-05-17 23:05:307 INFO  HomePage :66 - Enter Job Title : [[ChromeDriver: chrome on WINDOWS (63bbfcb8a671a0f8f9b973d369ad3b82)] -> xpath: //input[@id='keywords']]
2023-05-17 23:05:492 INFO  HomePage :71 - Enter Location : [[ChromeDriver: chrome on WINDOWS (63bbfcb8a671a0f8f9b973d369ad3b82)] -> xpath: //input[@id='location']]
2023-05-17 23:05:750 INFO  HomePage :76 - Select Distance : [[ChromeDriver: chrome on WINDOWS (63bbfcb8a671a0f8f9b973d369ad3b82)] -> xpath: //select[@id='distance']]
2023-05-17 23:05:913 INFO  HomePage :81 - Click On More Search Option : [[ChromeDriver: chrome on WINDOWS (63bbfcb8a671a0f8f9b973d369ad3b82)] -> xpath: //button[@id='toggle-hp-search']]
2023-05-17 23:05:261 INFO  HomePage :86 - Enter Min Salary : [[ChromeDriver: chrome on WINDOWS (63bbfcb8a671a0f8f9b973d369ad3b82)] -> xpath: //input[@id='salarymin']]
2023-05-17 23:05:379 INFO  HomePage :91 - Enter Max Salary : [[ChromeDriver: chrome on WINDOWS (63bbfcb8a671a0f8f9b973d369ad3b82)] -> xpath: //input[@id='salarymax']]
2023-05-17 23:05:559 INFO  HomePage :96 - Select Salary Type : [[ChromeDriver: chrome on WINDOWS (63bbfcb8a671a0f8f9b973d369ad3b82)] -> xpath: //select[@id='salarytype']]
2023-05-17 23:05:708 INFO  HomePage :101 - Select Job Type : [[ChromeDriver: chrome on WINDOWS (63bbfcb8a671a0f8f9b973d369ad3b82)] -> xpath: //select[@id='tempperm']]
2023-05-17 23:05:893 INFO  HomePage :106 - click On Find jobs Button : [[ChromeDriver: chrome on WINDOWS (63bbfcb8a671a0f8f9b973d369ad3b82)] -> xpath: //input[@id='hp-search-btn']]
2023-05-17 23:05:55 INFO  ResultPage :27 - Verify Result Text : [[ChromeDriver: chrome on WINDOWS (63bbfcb8a671a0f8f9b973d369ad3b82)] -> xpath: //h1[@class='search-header__title']]
2023-05-17 23:05:910 INFO  HomePage :113 - Acceptcookies : [[ChromeDriver: chrome on WINDOWS (75e61201a722fc2a1cf16fed67a0b661)] -> xpath: //button[@id='save']]
2023-05-17 23:05:712 INFO  HomePage :66 - Enter Job Title : [[ChromeDriver: chrome on WINDOWS (75e61201a722fc2a1cf16fed67a0b661)] -> xpath: //input[@id='keywords']]
2023-05-17 23:05:866 INFO  HomePage :71 - Enter Location : [[ChromeDriver: chrome on WINDOWS (75e61201a722fc2a1cf16fed67a0b661)] -> xpath: //input[@id='location']]
2023-05-17 23:05:31 INFO  HomePage :76 - Select Distance : [[ChromeDriver: chrome on WINDOWS (75e61201a722fc2a1cf16fed67a0b661)] -> xpath: //select[@id='distance']]
2023-05-17 23:05:228 INFO  HomePage :81 - Click On More Search Option : [[ChromeDriver: chrome on WINDOWS (75e61201a722fc2a1cf16fed67a0b661)] -> xpath: //button[@id='toggle-hp-search']]
2023-05-17 23:05:487 INFO  HomePage :86 - Enter Min Salary : [[ChromeDriver: chrome on WINDOWS (75e61201a722fc2a1cf16fed67a0b661)] -> xpath: //input[@id='salarymin']]
2023-05-17 23:05:620 INFO  HomePage :91 - Enter Max Salary : [[ChromeDriver: chrome on WINDOWS (75e61201a722fc2a1cf16fed67a0b661)] -> xpath: //input[@id='salarymax']]
2023-05-17 23:05:793 INFO  HomePage :113 - Acceptcookies : [[ChromeDriver: chrome on WINDOWS (d2338c572189ba8a11d08fa359527632)] -> xpath: //button[@id='save']]
2023-05-17 23:05:647 INFO  HomePage :66 - Enter Job Title : [[ChromeDriver: chrome on WINDOWS (d2338c572189ba8a11d08fa359527632)] -> xpath: //input[@id='keywords']]
2023-05-17 23:05:811 INFO  HomePage :71 - Enter Location : [[ChromeDriver: chrome on WINDOWS (d2338c572189ba8a11d08fa359527632)] -> xpath: //input[@id='location']]
2023-05-17 23:05:78 INFO  HomePage :76 - Select Distance : [[ChromeDriver: chrome on WINDOWS (d2338c572189ba8a11d08fa359527632)] -> xpath: //select[@id='distance']]
2023-05-17 23:05:274 INFO  HomePage :81 - Click On More Search Option : [[ChromeDriver: chrome on WINDOWS (d2338c572189ba8a11d08fa359527632)] -> xpath: //button[@id='toggle-hp-search']]
2023-05-17 23:05:650 INFO  HomePage :86 - Enter Min Salary : [[ChromeDriver: chrome on WINDOWS (d2338c572189ba8a11d08fa359527632)] -> xpath: //input[@id='salarymin']]
2023-05-17 23:05:786 INFO  HomePage :91 - Enter Max Salary : [[ChromeDriver: chrome on WINDOWS (d2338c572189ba8a11d08fa359527632)] -> xpath: //input[@id='salarymax']]
2023-05-17 23:05:949 INFO  HomePage :96 - Select Salary Type : [[ChromeDriver: chrome on WINDOWS (d2338c572189ba8a11d08fa359527632)] -> xpath: //select[@id='salarytype']]
2023-05-17 23:05:96 INFO  HomePage :101 - Select Job Type : [[ChromeDriver: chrome on WINDOWS (d2338c572189ba8a11d08fa359527632)] -> xpath: //select[@id='tempperm']]
2023-05-17 23:05:289 INFO  HomePage :106 - click On Find jobs Button : [[ChromeDriver: chrome on WINDOWS (d2338c572189ba8a11d08fa359527632)] -> xpath: //input[@id='hp-search-btn']]
2023-05-17 23:05:162 INFO  ResultPage :27 - Verify Result Text : [[ChromeDriver: chrome on WINDOWS (d2338c572189ba8a11d08fa359527632)] -> xpath: //h1[@class='search-header__title']]
2023-05-17 23:05:211 INFO  HomePage :113 - Acceptcookies : [[ChromeDriver: chrome on WINDOWS (dd22ea5359693acdd66285ecd23b6900)] -> xpath: //button[@id='save']]
2023-05-17 23:05:366 INFO  HomePage :66 - Enter Job Title : [[ChromeDriver: chrome on WINDOWS (dd22ea5359693acdd66285ecd23b6900)] -> id: keywords]
2023-05-17 23:05:450 INFO  HomePage :71 - Enter Location : [[ChromeDriver: chrome on WINDOWS (dd22ea5359693acdd66285ecd23b6900)] -> id: location]
2023-05-17 23:05:645 INFO  HomePage :76 - Select Distance : [[ChromeDriver: chrome on WINDOWS (dd22ea5359693acdd66285ecd23b6900)] -> id: distance]
2023-05-17 23:05:771 INFO  HomePage :81 - Click On More Search Option : [[ChromeDriver: chrome on WINDOWS (dd22ea5359693acdd66285ecd23b6900)] -> id: toggle-hp-search]
2023-05-17 23:05:202 INFO  HomePage :86 - Enter Min Salary : [[ChromeDriver: chrome on WINDOWS (dd22ea5359693acdd66285ecd23b6900)] -> id: salarymin]
2023-05-17 23:05:311 INFO  HomePage :91 - Enter Max Salary : [[ChromeDriver: chrome on WINDOWS (dd22ea5359693acdd66285ecd23b6900)] -> id: salarymax]
2023-05-17 23:05:540 INFO  HomePage :96 - Select Salary Type : [[ChromeDriver: chrome on WINDOWS (dd22ea5359693acdd66285ecd23b6900)] -> id: salarytype]
2023-05-17 23:05:650 INFO  HomePage :101 - Select Job Type : [[ChromeDriver: chrome on WINDOWS (dd22ea5359693acdd66285ecd23b6900)] -> id: tempperm]
2023-05-17 23:05:808 INFO  HomePage :106 - click On Find jobs Button : [[ChromeDriver: chrome on WINDOWS (dd22ea5359693acdd66285ecd23b6900)] -> id: hp-search-btn]
2023-05-17 23:05:556 INFO  ResultPage :27 - Verify Result Text : [[ChromeDriver: chrome on WINDOWS (dd22ea5359693acdd66285ecd23b6900)] -> xpath: //h1[@class='search-header__title']]
2023-05-17 23:05:821 INFO  HomePage :113 - Acceptcookies : [[ChromeDriver: chrome on WINDOWS (a0b9b317b791ecc5f35b9162692154c3)] -> xpath: //button[@id='save']]
2023-05-17 23:05:267 INFO  HomePage :66 - Enter Job Title : [[ChromeDriver: chrome on WINDOWS (a0b9b317b791ecc5f35b9162692154c3)] -> id: keywords]
2023-05-17 23:05:353 INFO  HomePage :71 - Enter Location : [[ChromeDriver: chrome on WINDOWS (a0b9b317b791ecc5f35b9162692154c3)] -> id: location]
2023-05-17 23:05:525 INFO  HomePage :76 - Select Distance : [[ChromeDriver: chrome on WINDOWS (a0b9b317b791ecc5f35b9162692154c3)] -> id: distance]
2023-05-17 23:05:742 INFO  HomePage :81 - Click On More Search Option : [[ChromeDriver: chrome on WINDOWS (a0b9b317b791ecc5f35b9162692154c3)] -> id: toggle-hp-search]
2023-05-17 23:05:987 INFO  HomePage :86 - Enter Min Salary : [[ChromeDriver: chrome on WINDOWS (a0b9b317b791ecc5f35b9162692154c3)] -> id: salarymin]
2023-05-17 23:05:106 INFO  HomePage :91 - Enter Max Salary : [[ChromeDriver: chrome on WINDOWS (a0b9b317b791ecc5f35b9162692154c3)] -> id: salarymax]
2023-05-17 23:05:228 INFO  HomePage :96 - Select Salary Type : [[ChromeDriver: chrome on WINDOWS (a0b9b317b791ecc5f35b9162692154c3)] -> id: salarytype]
2023-05-17 23:05:334 INFO  HomePage :101 - Select Job Type : [[ChromeDriver: chrome on WINDOWS (a0b9b317b791ecc5f35b9162692154c3)] -> id: tempperm]
2023-05-17 23:05:468 INFO  HomePage :106 - click On Find jobs Button : [[ChromeDriver: chrome on WINDOWS (a0b9b317b791ecc5f35b9162692154c3)] -> id: hp-search-btn]
2023-05-17 23:05:63 INFO  ResultPage :27 - Verify Result Text : [[ChromeDriver: chrome on WINDOWS (a0b9b317b791ecc5f35b9162692154c3)] -> xpath: //h1[@class='search-header__title']]
2023-05-17 23:05:156 INFO  HomePage :113 - Acceptcookies : [[ChromeDriver: chrome on WINDOWS (739e2c3fb068287055f719ebb65ef5be)] -> xpath: //button[@id='save']]
2023-05-17 23:05:298 INFO  HomePage :66 - Enter Job Title : [[ChromeDriver: chrome on WINDOWS (739e2c3fb068287055f719ebb65ef5be)] -> id: keywords]
2023-05-17 23:05:958 INFO  HomePage :71 - Enter Location : [[ChromeDriver: chrome on WINDOWS (739e2c3fb068287055f719ebb65ef5be)] -> id: location]
2023-05-17 23:05:108 INFO  HomePage :76 - Select Distance : [[ChromeDriver: chrome on WINDOWS (739e2c3fb068287055f719ebb65ef5be)] -> id: distance]
2023-05-17 23:05:237 INFO  HomePage :81 - Click On More Search Option : [[ChromeDriver: chrome on WINDOWS (739e2c3fb068287055f719ebb65ef5be)] -> id: toggle-hp-search]
2023-05-17 23:05:542 INFO  HomePage :86 - Enter Min Salary : [[ChromeDriver: chrome on WINDOWS (739e2c3fb068287055f719ebb65ef5be)] -> id: salarymin]
2023-05-17 23:05:696 INFO  HomePage :91 - Enter Max Salary : [[ChromeDriver: chrome on WINDOWS (739e2c3fb068287055f719ebb65ef5be)] -> id: salarymax]
2023-05-17 23:05:821 INFO  HomePage :96 - Select Salary Type : [[ChromeDriver: chrome on WINDOWS (739e2c3fb068287055f719ebb65ef5be)] -> id: salarytype]
2023-05-17 23:05:947 INFO  HomePage :101 - Select Job Type : [[ChromeDriver: chrome on WINDOWS (739e2c3fb068287055f719ebb65ef5be)] -> id: tempperm]
2023-05-17 23:05:104 INFO  HomePage :106 - click On Find jobs Button : [[ChromeDriver: chrome on WINDOWS (739e2c3fb068287055f719ebb65ef5be)] -> id: hp-search-btn]
2023-05-17 23:05:198 INFO  ResultPage :27 - Verify Result Text : [[ChromeDriver: chrome on WINDOWS (739e2c3fb068287055f719ebb65ef5be)] -> xpath: //h1[@class='search-header__title']]
2023-05-17 23:05:124 INFO  HomePage :113 - Acceptcookies : [[ChromeDriver: chrome on WINDOWS (14a72d94366e26a7818a77321302c928)] -> xpath: //button[@id='save']]
2023-05-17 23:05:762 INFO  HomePage :66 - Enter Job Title : [[ChromeDriver: chrome on WINDOWS (14a72d94366e26a7818a77321302c928)] -> id: keywords]
2023-05-17 23:05:123 INFO  HomePage :71 - Enter Location : [[ChromeDriver: chrome on WINDOWS (14a72d94366e26a7818a77321302c928)] -> id: location]
2023-05-17 23:05:295 INFO  HomePage :76 - Select Distance : [[ChromeDriver: chrome on WINDOWS (14a72d94366e26a7818a77321302c928)] -> id: distance]
2023-05-17 23:05:431 INFO  HomePage :81 - Click On More Search Option : [[ChromeDriver: chrome on WINDOWS (14a72d94366e26a7818a77321302c928)] -> id: toggle-hp-search]
2023-05-17 23:05:715 INFO  HomePage :86 - Enter Min Salary : [[ChromeDriver: chrome on WINDOWS (14a72d94366e26a7818a77321302c928)] -> id: salarymin]
2023-05-17 23:05:814 INFO  HomePage :91 - Enter Max Salary : [[ChromeDriver: chrome on WINDOWS (14a72d94366e26a7818a77321302c928)] -> id: salarymax]
2023-05-17 23:05:944 INFO  HomePage :96 - Select Salary Type : [[ChromeDriver: chrome on WINDOWS (14a72d94366e26a7818a77321302c928)] -> id: salarytype]
2023-05-17 23:05:86 INFO  HomePage :101 - Select Job Type : [[ChromeDriver: chrome on WINDOWS (14a72d94366e26a7818a77321302c928)] -> id: tempperm]
2023-05-17 23:05:242 INFO  HomePage :106 - click On Find jobs Button : [[ChromeDriver: chrome on WINDOWS (14a72d94366e26a7818a77321302c928)] -> id: hp-search-btn]
2023-05-17 23:05:721 INFO  ResultPage :27 - Verify Result Text : [[ChromeDriver: chrome on WINDOWS (14a72d94366e26a7818a77321302c928)] -> xpath: //h1[@class='search-header__title']]
2023-05-17 23:05:317 INFO  HomePage :113 - Acceptcookies : [[ChromeDriver: chrome on WINDOWS (3bcfeb548f8658f806cad55ba3afd460)] -> xpath: //button[@id='save']]
2023-05-17 23:05:469 INFO  HomePage :66 - Enter Job Title : [[ChromeDriver: chrome on WINDOWS (3bcfeb548f8658f806cad55ba3afd460)] -> id: keywords]
2023-05-17 23:05:582 INFO  HomePage :71 - Enter Location : [[ChromeDriver: chrome on WINDOWS (3bcfeb548f8658f806cad55ba3afd460)] -> id: location]
2023-05-17 23:05:821 INFO  HomePage :76 - Select Distance : [[ChromeDriver: chrome on WINDOWS (3bcfeb548f8658f806cad55ba3afd460)] -> id: distance]
2023-05-17 23:05:434 INFO  HomePage :81 - Click On More Search Option : [[ChromeDriver: chrome on WINDOWS (3bcfeb548f8658f806cad55ba3afd460)] -> id: toggle-hp-search]
2023-05-17 23:05:629 INFO  HomePage :86 - Enter Min Salary : [[ChromeDriver: chrome on WINDOWS (3bcfeb548f8658f806cad55ba3afd460)] -> id: salarymin]
2023-05-17 23:05:799 INFO  HomePage :91 - Enter Max Salary : [[ChromeDriver: chrome on WINDOWS (3bcfeb548f8658f806cad55ba3afd460)] -> id: salarymax]
2023-05-17 23:05:785 INFO  HomePage :113 - Acceptcookies : [[ChromeDriver: chrome on WINDOWS (3dab4e799dd50dc448344de32b7d6836)] -> xpath: //button[@id='save']]
2023-05-17 23:05:885 INFO  HomePage :66 - Enter Job Title : [[ChromeDriver: chrome on WINDOWS (3dab4e799dd50dc448344de32b7d6836)] -> id: keywords]
2023-05-17 23:05:997 INFO  HomePage :71 - Enter Location : [[ChromeDriver: chrome on WINDOWS (3dab4e799dd50dc448344de32b7d6836)] -> id: location]
2023-05-17 23:05:106 INFO  HomePage :76 - Select Distance : [[ChromeDriver: chrome on WINDOWS (3dab4e799dd50dc448344de32b7d6836)] -> id: distance]
2023-05-17 23:05:197 INFO  HomePage :81 - Click On More Search Option : [[ChromeDriver: chrome on WINDOWS (3dab4e799dd50dc448344de32b7d6836)] -> id: toggle-hp-search]
2023-05-17 23:05:904 INFO  HomePage :86 - Enter Min Salary : [[ChromeDriver: chrome on WINDOWS (3dab4e799dd50dc448344de32b7d6836)] -> id: salarymin]
2023-05-17 23:05:26 INFO  HomePage :91 - Enter Max Salary : [[ChromeDriver: chrome on WINDOWS (3dab4e799dd50dc448344de32b7d6836)] -> id: salarymax]
2023-05-17 23:05:216 INFO  HomePage :96 - Select Salary Type : [[ChromeDriver: chrome on WINDOWS (3dab4e799dd50dc448344de32b7d6836)] -> id: salarytype]
2023-05-17 23:05:512 INFO  HomePage :101 - Select Job Type : [[ChromeDriver: chrome on WINDOWS (3dab4e799dd50dc448344de32b7d6836)] -> id: tempperm]
2023-05-17 23:05:668 INFO  HomePage :106 - click On Find jobs Button : [[ChromeDriver: chrome on WINDOWS (3dab4e799dd50dc448344de32b7d6836)] -> id: hp-search-btn]
2023-05-17 23:05:902 INFO  ResultPage :27 - Verify Result Text : [[ChromeDriver: chrome on WINDOWS (3dab4e799dd50dc448344de32b7d6836)] -> xpath: //h1[@class='search-header__title']]
2023-05-18 00:05:652 INFO  HomePage :113 - Acceptcookies : [[ChromeDriver: chrome on WINDOWS (c4f7f980208c3a4ca8afe4b396ca208c)] -> xpath: //button[@id='save']]
2023-05-18 00:05:343 INFO  HomePage :66 - Enter Job Title : [[ChromeDriver: chrome on WINDOWS (c4f7f980208c3a4ca8afe4b396ca208c)] -> id: keywords]
2023-05-18 00:05:467 INFO  HomePage :71 - Enter Location : [[ChromeDriver: chrome on WINDOWS (c4f7f980208c3a4ca8afe4b396ca208c)] -> id: location]
2023-05-18 00:05:826 INFO  HomePage :76 - Select Distance : [[ChromeDriver: chrome on WINDOWS (c4f7f980208c3a4ca8afe4b396ca208c)] -> id: distance]
2023-05-18 00:05:189 INFO  HomePage :81 - Click On More Search Option : [[ChromeDriver: chrome on WINDOWS (c4f7f980208c3a4ca8afe4b396ca208c)] -> id: toggle-hp-search]
2023-05-18 00:05:683 INFO  HomePage :86 - Enter Min Salary : [[ChromeDriver: chrome on WINDOWS (c4f7f980208c3a4ca8afe4b396ca208c)] -> id: salarymin]
2023-05-18 00:05:829 INFO  HomePage :91 - Enter Max Salary : [[ChromeDriver: chrome on WINDOWS (c4f7f980208c3a4ca8afe4b396ca208c)] -> id: salarymax]
2023-05-18 00:05:25 INFO  HomePage :96 - Select Salary Type : [[ChromeDriver: chrome on WINDOWS (c4f7f980208c3a4ca8afe4b396ca208c)] -> id: salarytype]
2023-05-18 00:05:210 INFO  HomePage :101 - Select Job Type : [[ChromeDriver: chrome on WINDOWS (c4f7f980208c3a4ca8afe4b396ca208c)] -> id: tempperm]
2023-05-18 00:05:403 INFO  HomePage :106 - click On Find jobs Button : [[ChromeDriver: chrome on WINDOWS (c4f7f980208c3a4ca8afe4b396ca208c)] -> id: hp-search-btn]
2023-05-18 00:05:89 INFO  ResultPage :27 - Verify Result Text : [[ChromeDriver: chrome on WINDOWS (c4f7f980208c3a4ca8afe4b396ca208c)] -> xpath: //h1[@class='search-header__title']]
2023-05-18 00:05:59 INFO  HomePage :113 - Acceptcookies : [[ChromeDriver: chrome on WINDOWS (cd5148a7fb753ca87a545748aceeff5a)] -> xpath: //button[@id='save']]
2023-05-18 00:05:16 INFO  HomePage :66 - Enter Job Title : [[ChromeDriver: chrome on WINDOWS (cd5148a7fb753ca87a545748aceeff5a)] -> id: keywords]
2023-05-18 00:05:193 INFO  HomePage :71 - Enter Location : [[ChromeDriver: chrome on WINDOWS (cd5148a7fb753ca87a545748aceeff5a)] -> id: location]
2023-05-18 00:05:412 INFO  HomePage :76 - Select Distance : [[ChromeDriver: chrome on WINDOWS (cd5148a7fb753ca87a545748aceeff5a)] -> id: distance]
2023-05-18 00:05:632 INFO  HomePage :81 - Click On More Search Option : [[ChromeDriver: chrome on WINDOWS (cd5148a7fb753ca87a545748aceeff5a)] -> id: toggle-hp-search]
2023-05-18 00:05:968 INFO  HomePage :86 - Enter Min Salary : [[ChromeDriver: chrome on WINDOWS (cd5148a7fb753ca87a545748aceeff5a)] -> id: salarymin]
2023-05-18 00:05:154 INFO  HomePage :91 - Enter Max Salary : [[ChromeDriver: chrome on WINDOWS (cd5148a7fb753ca87a545748aceeff5a)] -> id: salarymax]
2023-05-18 00:05:378 INFO  HomePage :96 - Select Salary Type : [[ChromeDriver: chrome on WINDOWS (cd5148a7fb753ca87a545748aceeff5a)] -> id: salarytype]
2023-05-18 00:05:538 INFO  HomePage :101 - Select Job Type : [[ChromeDriver: chrome on WINDOWS (cd5148a7fb753ca87a545748aceeff5a)] -> id: tempperm]
2023-05-18 00:05:747 INFO  HomePage :106 - click On Find jobs Button : [[ChromeDriver: chrome on WINDOWS (cd5148a7fb753ca87a545748aceeff5a)] -> id: hp-search-btn]
2023-05-18 00:05:612 INFO  ResultPage :27 - Verify Result Text : [[ChromeDriver: chrome on WINDOWS (cd5148a7fb753ca87a545748aceeff5a)] -> xpath: //h1[@class='search-header__title']]
2023-05-18 00:05:528 INFO  HomePage :113 - Acceptcookies : [[ChromeDriver: chrome on WINDOWS (79579d36744a761dd631a91a415bc458)] -> xpath: //button[@id='save']]
2023-05-18 00:05:695 INFO  HomePage :66 - Enter Job Title : [[ChromeDriver: chrome on WINDOWS (79579d36744a761dd631a91a415bc458)] -> id: keywords]
2023-05-18 00:05:627 INFO  HomePage :71 - Enter Location : [[ChromeDriver: chrome on WINDOWS (79579d36744a761dd631a91a415bc458)] -> id: location]
2023-05-18 00:05:873 INFO  HomePage :76 - Select Distance : [[ChromeDriver: chrome on WINDOWS (79579d36744a761dd631a91a415bc458)] -> id: distance]
2023-05-18 00:05:329 INFO  HomePage :81 - Click On More Search Option : [[ChromeDriver: chrome on WINDOWS (79579d36744a761dd631a91a415bc458)] -> id: toggle-hp-search]
2023-05-18 00:05:509 INFO  HomePage :86 - Enter Min Salary : [[ChromeDriver: chrome on WINDOWS (79579d36744a761dd631a91a415bc458)] -> id: salarymin]
2023-05-18 00:05:665 INFO  HomePage :91 - Enter Max Salary : [[ChromeDriver: chrome on WINDOWS (79579d36744a761dd631a91a415bc458)] -> id: salarymax]
2023-05-18 00:05:826 INFO  HomePage :96 - Select Salary Type : [[ChromeDriver: chrome on WINDOWS (79579d36744a761dd631a91a415bc458)] -> id: salarytype]
2023-05-18 00:05:01 INFO  HomePage :101 - Select Job Type : [[ChromeDriver: chrome on WINDOWS (79579d36744a761dd631a91a415bc458)] -> id: tempperm]
2023-05-18 00:05:177 INFO  HomePage :106 - click On Find jobs Button : [[ChromeDriver: chrome on WINDOWS (79579d36744a761dd631a91a415bc458)] -> id: hp-search-btn]
2023-05-18 00:05:217 INFO  ResultPage :27 - Verify Result Text : [[ChromeDriver: chrome on WINDOWS (79579d36744a761dd631a91a415bc458)] -> xpath: //h1[@class='search-header__title']]
2023-05-18 00:05:644 INFO  HomePage :113 - Acceptcookies : [[ChromeDriver: chrome on WINDOWS (35f14b89314b9cabfde4d5a9888454c5)] -> xpath: //button[@id='save']]
2023-05-18 00:05:288 INFO  HomePage :66 - Enter Job Title : [[ChromeDriver: chrome on WINDOWS (35f14b89314b9cabfde4d5a9888454c5)] -> id: keywords]
2023-05-18 00:05:418 INFO  HomePage :71 - Enter Location : [[ChromeDriver: chrome on WINDOWS (35f14b89314b9cabfde4d5a9888454c5)] -> id: location]
2023-05-18 00:05:681 INFO  HomePage :76 - Select Distance : [[ChromeDriver: chrome on WINDOWS (35f14b89314b9cabfde4d5a9888454c5)] -> id: distance]
2023-05-18 00:05:844 INFO  HomePage :81 - Click On More Search Option : [[ChromeDriver: chrome on WINDOWS (35f14b89314b9cabfde4d5a9888454c5)] -> id: toggle-hp-search]
2023-05-18 00:05:167 INFO  HomePage :86 - Enter Min Salary : [[ChromeDriver: chrome on WINDOWS (35f14b89314b9cabfde4d5a9888454c5)] -> id: salarymin]
2023-05-18 00:05:285 INFO  HomePage :91 - Enter Max Salary : [[ChromeDriver: chrome on WINDOWS (35f14b89314b9cabfde4d5a9888454c5)] -> id: salarymax]
2023-05-18 00:05:452 INFO  HomePage :96 - Select Salary Type : [[ChromeDriver: chrome on WINDOWS (35f14b89314b9cabfde4d5a9888454c5)] -> id: salarytype]
2023-05-18 00:05:624 INFO  HomePage :101 - Select Job Type : [[ChromeDriver: chrome on WINDOWS (35f14b89314b9cabfde4d5a9888454c5)] -> id: tempperm]
2023-05-18 00:05:799 INFO  HomePage :106 - click On Find jobs Button : [[ChromeDriver: chrome on WINDOWS (35f14b89314b9cabfde4d5a9888454c5)] -> id: hp-search-btn]
2023-05-18 00:05:141 INFO  ResultPage :27 - Verify Result Text : [[ChromeDriver: chrome on WINDOWS (35f14b89314b9cabfde4d5a9888454c5)] -> xpath: //h1[@class='search-header__title']]
2023-05-18 00:05:502 INFO  HomePage :113 - Acceptcookies : [[ChromeDriver: chrome on WINDOWS (d47bd69998953069fb3770b350408931)] -> xpath: //button[@id='save']]
2023-05-18 00:05:633 INFO  HomePage :66 - Enter Job Title : [[ChromeDriver: chrome on WINDOWS (d47bd69998953069fb3770b350408931)] -> id: keywords]
2023-05-18 00:05:738 INFO  HomePage :71 - Enter Location : [[ChromeDriver: chrome on WINDOWS (d47bd69998953069fb3770b350408931)] -> id: location]
2023-05-18 00:05:213 INFO  HomePage :76 - Select Distance : [[ChromeDriver: chrome on WINDOWS (d47bd69998953069fb3770b350408931)] -> id: distance]
2023-05-18 00:05:327 INFO  HomePage :81 - Click On More Search Option : [[ChromeDriver: chrome on WINDOWS (d47bd69998953069fb3770b350408931)] -> id: toggle-hp-search]
2023-05-18 00:05:552 INFO  HomePage :86 - Enter Min Salary : [[ChromeDriver: chrome on WINDOWS (d47bd69998953069fb3770b350408931)] -> id: salarymin]
2023-05-18 00:05:661 INFO  HomePage :91 - Enter Max Salary : [[ChromeDriver: chrome on WINDOWS (d47bd69998953069fb3770b350408931)] -> id: salarymax]
2023-05-18 00:05:793 INFO  HomePage :96 - Select Salary Type : [[ChromeDriver: chrome on WINDOWS (d47bd69998953069fb3770b350408931)] -> id: salarytype]
2023-05-18 00:05:903 INFO  HomePage :101 - Select Job Type : [[ChromeDriver: chrome on WINDOWS (d47bd69998953069fb3770b350408931)] -> id: tempperm]
2023-05-18 00:05:24 INFO  HomePage :106 - click On Find jobs Button : [[ChromeDriver: chrome on WINDOWS (d47bd69998953069fb3770b350408931)] -> id: hp-search-btn]
2023-05-18 00:05:952 INFO  HomePage :113 - Acceptcookies : [[ChromeDriver: chrome on WINDOWS (4835e9887cd00d401d0ac66355db5f8a)] -> xpath: //button[@id='save']]
2023-05-18 00:05:552 INFO  HomePage :66 - Enter Job Title : [[ChromeDriver: chrome on WINDOWS (4835e9887cd00d401d0ac66355db5f8a)] -> id: keywords]
2023-05-18 00:05:842 INFO  HomePage :71 - Enter Location : [[ChromeDriver: chrome on WINDOWS (4835e9887cd00d401d0ac66355db5f8a)] -> id: location]
2023-05-18 00:05:124 INFO  HomePage :76 - Select Distance : [[ChromeDriver: chrome on WINDOWS (4835e9887cd00d401d0ac66355db5f8a)] -> id: distance]
2023-05-18 00:05:299 INFO  HomePage :81 - Click On More Search Option : [[ChromeDriver: chrome on WINDOWS (4835e9887cd00d401d0ac66355db5f8a)] -> id: toggle-hp-search]
2023-05-18 00:05:734 INFO  HomePage :86 - Enter Min Salary : [[ChromeDriver: chrome on WINDOWS (4835e9887cd00d401d0ac66355db5f8a)] -> id: salarymin]
2023-05-18 00:05:887 INFO  HomePage :91 - Enter Max Salary : [[ChromeDriver: chrome on WINDOWS (4835e9887cd00d401d0ac66355db5f8a)] -> id: salarymax]
2023-05-18 00:05:59 INFO  HomePage :96 - Select Salary Type : [[ChromeDriver: chrome on WINDOWS (4835e9887cd00d401d0ac66355db5f8a)] -> id: salarytype]
2023-05-18 00:05:281 INFO  HomePage :101 - Select Job Type : [[ChromeDriver: chrome on WINDOWS (4835e9887cd00d401d0ac66355db5f8a)] -> id: tempperm]
2023-05-18 00:05:526 INFO  HomePage :106 - click On Find jobs Button : [[ChromeDriver: chrome on WINDOWS (4835e9887cd00d401d0ac66355db5f8a)] -> id: hp-search-btn]
2023-05-18 00:05:441 INFO  ResultPage :27 - Verify Result Text : [[ChromeDriver: chrome on WINDOWS (4835e9887cd00d401d0ac66355db5f8a)] -> xpath: //h1[@class='search-header__title']]
2023-05-18 00:05:130 INFO  HomePage :113 - Acceptcookies : [[ChromeDriver: chrome on WINDOWS (16b17130c983ec9a76ca3ca0f217d317)] -> xpath: //button[@id='save']]
2023-05-18 00:05:247 INFO  HomePage :66 - Enter Job Title : [[ChromeDriver: chrome on WINDOWS (16b17130c983ec9a76ca3ca0f217d317)] -> id: keywords]
2023-05-18 00:05:324 INFO  HomePage :71 - Enter Location : [[ChromeDriver: chrome on WINDOWS (16b17130c983ec9a76ca3ca0f217d317)] -> id: location]
2023-05-18 00:05:935 INFO  HomePage :76 - Select Distance : [[ChromeDriver: chrome on WINDOWS (16b17130c983ec9a76ca3ca0f217d317)] -> id: distance]
2023-05-18 00:05:22 INFO  HomePage :81 - Click On More Search Option : [[ChromeDriver: chrome on WINDOWS (16b17130c983ec9a76ca3ca0f217d317)] -> id: toggle-hp-search]
2023-05-18 00:05:348 INFO  HomePage :86 - Enter Min Salary : [[ChromeDriver: chrome on WINDOWS (16b17130c983ec9a76ca3ca0f217d317)] -> id: salarymin]
2023-05-18 00:05:432 INFO  HomePage :91 - Enter Max Salary : [[ChromeDriver: chrome on WINDOWS (16b17130c983ec9a76ca3ca0f217d317)] -> id: salarymax]
2023-05-18 00:05:534 INFO  HomePage :96 - Select Salary Type : [[ChromeDriver: chrome on WINDOWS (16b17130c983ec9a76ca3ca0f217d317)] -> id: salarytype]
2023-05-18 00:05:636 INFO  HomePage :101 - Select Job Type : [[ChromeDriver: chrome on WINDOWS (16b17130c983ec9a76ca3ca0f217d317)] -> id: tempperm]
2023-05-18 00:05:757 INFO  HomePage :106 - click On Find jobs Button : [[ChromeDriver: chrome on WINDOWS (16b17130c983ec9a76ca3ca0f217d317)] -> id: hp-search-btn]
2023-05-18 00:05:139 INFO  ResultPage :27 - Verify Result Text : [[ChromeDriver: chrome on WINDOWS (16b17130c983ec9a76ca3ca0f217d317)] -> xpath: //h1[@class='search-header__title']]
2023-05-18 00:05:654 INFO  HomePage :113 - Acceptcookies : [[ChromeDriver: chrome on WINDOWS (38c6f29c1032179e44d32dc402eff146)] -> xpath: //button[@id='save']]
2023-05-18 00:05:312 INFO  HomePage :66 - Enter Job Title : [[ChromeDriver: chrome on WINDOWS (38c6f29c1032179e44d32dc402eff146)] -> id: keywords]
2023-05-18 00:05:434 INFO  HomePage :71 - Enter Location : [[ChromeDriver: chrome on WINDOWS (38c6f29c1032179e44d32dc402eff146)] -> id: location]
2023-05-18 00:05:647 INFO  HomePage :76 - Select Distance : [[ChromeDriver: chrome on WINDOWS (38c6f29c1032179e44d32dc402eff146)] -> id: distance]
2023-05-18 00:05:779 INFO  HomePage :81 - Click On More Search Option : [[ChromeDriver: chrome on WINDOWS (38c6f29c1032179e44d32dc402eff146)] -> id: toggle-hp-search]
2023-05-18 00:05:79 INFO  HomePage :86 - Enter Min Salary : [[ChromeDriver: chrome on WINDOWS (38c6f29c1032179e44d32dc402eff146)] -> id: salarymin]
2023-05-18 00:05:173 INFO  HomePage :91 - Enter Max Salary : [[ChromeDriver: chrome on WINDOWS (38c6f29c1032179e44d32dc402eff146)] -> id: salarymax]
2023-05-18 00:05:285 INFO  HomePage :96 - Select Salary Type : [[ChromeDriver: chrome on WINDOWS (38c6f29c1032179e44d32dc402eff146)] -> id: salarytype]
2023-05-18 00:05:395 INFO  HomePage :101 - Select Job Type : [[ChromeDriver: chrome on WINDOWS (38c6f29c1032179e44d32dc402eff146)] -> id: tempperm]
2023-05-18 00:05:534 INFO  HomePage :106 - click On Find jobs Button : [[ChromeDriver: chrome on WINDOWS (38c6f29c1032179e44d32dc402eff146)] -> id: hp-search-btn]
2023-05-18 00:05:998 INFO  ResultPage :27 - Verify Result Text : [[ChromeDriver: chrome on WINDOWS (38c6f29c1032179e44d32dc402eff146)] -> xpath: //h1[@class='search-header__title']]
2023-05-18 00:05:389 INFO  HomePage :113 - Acceptcookies : [[ChromeDriver: chrome on WINDOWS (7262999950d3de33a30b6a7fdd0d5f02)] -> xpath: //button[@id='save']]
2023-05-18 00:05:536 INFO  HomePage :66 - Enter Job Title : [[ChromeDriver: chrome on WINDOWS (7262999950d3de33a30b6a7fdd0d5f02)] -> id: keywords]
2023-05-18 00:05:972 INFO  HomePage :71 - Enter Location : [[ChromeDriver: chrome on WINDOWS (7262999950d3de33a30b6a7fdd0d5f02)] -> id: location]
2023-05-18 00:05:146 INFO  HomePage :76 - Select Distance : [[ChromeDriver: chrome on WINDOWS (7262999950d3de33a30b6a7fdd0d5f02)] -> id: distance]
2023-05-18 00:05:253 INFO  HomePage :81 - Click On More Search Option : [[ChromeDriver: chrome on WINDOWS (7262999950d3de33a30b6a7fdd0d5f02)] -> id: toggle-hp-search]
2023-05-18 00:05:507 INFO  HomePage :86 - Enter Min Salary : [[ChromeDriver: chrome on WINDOWS (7262999950d3de33a30b6a7fdd0d5f02)] -> id: salarymin]
2023-05-18 00:05:601 INFO  HomePage :91 - Enter Max Salary : [[ChromeDriver: chrome on WINDOWS (7262999950d3de33a30b6a7fdd0d5f02)] -> id: salarymax]
2023-05-18 00:05:693 INFO  HomePage :96 - Select Salary Type : [[ChromeDriver: chrome on WINDOWS (7262999950d3de33a30b6a7fdd0d5f02)] -> id: salarytype]
2023-05-18 00:05:796 INFO  HomePage :101 - Select Job Type : [[ChromeDriver: chrome on WINDOWS (7262999950d3de33a30b6a7fdd0d5f02)] -> id: tempperm]
2023-05-18 00:05:905 INFO  HomePage :106 - click On Find jobs Button : [[ChromeDriver: chrome on WINDOWS (7262999950d3de33a30b6a7fdd0d5f02)] -> id: hp-search-btn]
2023-05-18 00:05:90 INFO  ResultPage :27 - Verify Result Text : [[ChromeDriver: chrome on WINDOWS (7262999950d3de33a30b6a7fdd0d5f02)] -> xpath: //h1[@class='search-header__title']]
2023-05-18 00:05:137 INFO  HomePage :113 - Acceptcookies : [[ChromeDriver: chrome on WINDOWS (9381a89c978138c2caf4b440fe3b302b)] -> xpath: //button[@id='save']]
2023-05-18 00:05:580 INFO  HomePage :66 - Enter Job Title : [[ChromeDriver: chrome on WINDOWS (9381a89c978138c2caf4b440fe3b302b)] -> id: keywords]
2023-05-18 00:05:686 INFO  HomePage :71 - Enter Location : [[ChromeDriver: chrome on WINDOWS (9381a89c978138c2caf4b440fe3b302b)] -> id: location]
2023-05-18 00:05:960 INFO  HomePage :76 - Select Distance : [[ChromeDriver: chrome on WINDOWS (9381a89c978138c2caf4b440fe3b302b)] -> id: distance]
2023-05-18 00:05:72 INFO  HomePage :81 - Click On More Search Option : [[ChromeDriver: chrome on WINDOWS (9381a89c978138c2caf4b440fe3b302b)] -> id: toggle-hp-search]
2023-05-18 00:05:274 INFO  HomePage :86 - Enter Min Salary : [[ChromeDriver: chrome on WINDOWS (9381a89c978138c2caf4b440fe3b302b)] -> id: salarymin]
2023-05-18 00:05:392 INFO  HomePage :91 - Enter Max Salary : [[ChromeDriver: chrome on WINDOWS (9381a89c978138c2caf4b440fe3b302b)] -> id: salarymax]
2023-05-18 00:05:524 INFO  HomePage :96 - Select Salary Type : [[ChromeDriver: chrome on WINDOWS (9381a89c978138c2caf4b440fe3b302b)] -> id: salarytype]
2023-05-18 00:05:644 INFO  HomePage :101 - Select Job Type : [[ChromeDriver: chrome on WINDOWS (9381a89c978138c2caf4b440fe3b302b)] -> id: tempperm]
2023-05-18 00:05:785 INFO  HomePage :106 - click On Find jobs Button : [[ChromeDriver: chrome on WINDOWS (9381a89c978138c2caf4b440fe3b302b)] -> id: hp-search-btn]
2023-05-18 00:05:322 INFO  ResultPage :27 - Verify Result Text : [[ChromeDriver: chrome on WINDOWS (9381a89c978138c2caf4b440fe3b302b)] -> xpath: //h1[@class='search-header__title']]
2023-05-18 00:05:463 INFO  HomePage :113 - Acceptcookies : [[ChromeDriver: chrome on WINDOWS (132d88dc51cc70a9ab104b00e1c2ea61)] -> xpath: //button[@id='save']]
2023-05-18 00:05:721 INFO  HomePage :66 - Enter Job Title : [[ChromeDriver: chrome on WINDOWS (132d88dc51cc70a9ab104b00e1c2ea61)] -> id: keywords]
2023-05-18 00:05:840 INFO  HomePage :71 - Enter Location : [[ChromeDriver: chrome on WINDOWS (132d88dc51cc70a9ab104b00e1c2ea61)] -> id: location]
2023-05-18 00:05:457 INFO  HomePage :76 - Select Distance : [[ChromeDriver: chrome on WINDOWS (132d88dc51cc70a9ab104b00e1c2ea61)] -> id: distance]
2023-05-18 00:05:594 INFO  HomePage :81 - Click On More Search Option : [[ChromeDriver: chrome on WINDOWS (132d88dc51cc70a9ab104b00e1c2ea61)] -> id: toggle-hp-search]
2023-05-18 00:05:937 INFO  HomePage :86 - Enter Min Salary : [[ChromeDriver: chrome on WINDOWS (132d88dc51cc70a9ab104b00e1c2ea61)] -> id: salarymin]
2023-05-18 00:05:72 INFO  HomePage :91 - Enter Max Salary : [[ChromeDriver: chrome on WINDOWS (132d88dc51cc70a9ab104b00e1c2ea61)] -> id: salarymax]
2023-05-18 00:05:226 INFO  HomePage :96 - Select Salary Type : [[ChromeDriver: chrome on WINDOWS (132d88dc51cc70a9ab104b00e1c2ea61)] -> id: salarytype]
2023-05-18 00:05:353 INFO  HomePage :101 - Select Job Type : [[ChromeDriver: chrome on WINDOWS (132d88dc51cc70a9ab104b00e1c2ea61)] -> id: tempperm]
2023-05-18 00:05:514 INFO  HomePage :106 - click On Find jobs Button : [[ChromeDriver: chrome on WINDOWS (132d88dc51cc70a9ab104b00e1c2ea61)] -> id: hp-search-btn]
2023-05-18 00:05:906 INFO  ResultPage :27 - Verify Result Text : [[ChromeDriver: chrome on WINDOWS (132d88dc51cc70a9ab104b00e1c2ea61)] -> xpath: //h1[@class='search-header__title']]
2023-05-18 00:05:839 INFO  HomePage :113 - Acceptcookies : [[ChromeDriver: chrome on WINDOWS (da24c747c3904ae05f923f0bfec47362)] -> xpath: //button[@id='save']]
2023-05-18 00:05:958 INFO  HomePage :66 - Enter Job Title : [[ChromeDriver: chrome on WINDOWS (da24c747c3904ae05f923f0bfec47362)] -> id: keywords]
2023-05-18 00:05:318 INFO  HomePage :71 - Enter Location : [[ChromeDriver: chrome on WINDOWS (da24c747c3904ae05f923f0bfec47362)] -> id: location]
2023-05-18 00:05:428 INFO  HomePage :76 - Select Distance : [[ChromeDriver: chrome on WINDOWS (da24c747c3904ae05f923f0bfec47362)] -> id: distance]
2023-05-18 00:05:591 INFO  HomePage :81 - Click On More Search Option : [[ChromeDriver: chrome on WINDOWS (da24c747c3904ae05f923f0bfec47362)] -> id: toggle-hp-search]
2023-05-18 00:05:772 INFO  HomePage :86 - Enter Min Salary : [[ChromeDriver: chrome on WINDOWS (da24c747c3904ae05f923f0bfec47362)] -> id: salarymin]
2023-05-18 00:05:901 INFO  HomePage :91 - Enter Max Salary : [[ChromeDriver: chrome on WINDOWS (da24c747c3904ae05f923f0bfec47362)] -> id: salarymax]
2023-05-18 00:05:41 INFO  HomePage :96 - Select Salary Type : [[ChromeDriver: chrome on WINDOWS (da24c747c3904ae05f923f0bfec47362)] -> id: salarytype]
2023-05-18 00:05:156 INFO  HomePage :101 - Select Job Type : [[ChromeDriver: chrome on WINDOWS (da24c747c3904ae05f923f0bfec47362)] -> id: tempperm]
2023-05-18 00:05:298 INFO  HomePage :106 - click On Find jobs Button : [[ChromeDriver: chrome on WINDOWS (da24c747c3904ae05f923f0bfec47362)] -> id: hp-search-btn]
2023-05-18 00:05:60 INFO  ResultPage :27 - Verify Result Text : [[ChromeDriver: chrome on WINDOWS (da24c747c3904ae05f923f0bfec47362)] -> xpath: //h1[@class='search-header__title']]
